<?xml version="1.0" encoding="UTF-8"?>
<!-- Generated by org.testng.reporters.JUnitXMLReporter -->
<testsuite ignored="0" hostname="574351f79abe502" failures="1" tests="4" name="Test" time="0.097" errors="0" timestamp="2025-07-26T10:16:49 IST">
  <testcase classname="logs.ReportDemoTests" name="failingTest" time="0.01">
    <failure type="java.lang.ArithmeticException" message="/ by zero">
      <![CDATA[java.lang.ArithmeticException: / by zero
at logs.ReportDemoTests.failingTest(ReportDemoTests.java:20)
at java.base/java.util.ArrayList.forEach(ArrayList.java:1511)
... Removed 27 stack frames]]>
    </failure>
  </testcase> <!-- failingTest -->
  <testcase classname="logs.ReportDemoTests" name="testAddition" time="0.003"/>
  <testcase classname="logs.ReportDemoTests" name="testSubtraction" time="0.001"/>
  <testcase classname="logs.ReportDemoTests" name="skippedTest" time="0.0">
    <skipped/>
  </testcase> <!-- skippedTest -->
</testsuite> <!-- Test -->
